#
# A fatal error has been detected by the Java Runtime Environment:
#
#  SIGSEGV (0xb) at pc=0x000000011d42d381, pid=836, tid=1295
#
# JRE version: Java(TM) SE Runtime Environment (8.0_25-b17) (build 1.8.0_25-b17)
# Java VM: Java HotSpot(TM) 64-Bit Server VM (25.25-b02 mixed mode bsd-amd64 compressed oops)
# Problematic frame:
# C  [libglass.dylib+0x16381]  GlassScreenDidChangeScreenParameters+0x21
#
# Failed to write core dump. Core dumps have been disabled. To enable core dumping, try "ulimit -c unlimited" before starting Java again
#
# If you would like to submit a bug report, please visit:
#   http://bugreport.sun.com/bugreport/crash.jsp
#

---------------  T H R E A D  ---------------

Current thread is native thread

siginfo: si_signo: 11 (SIGSEGV), si_code: 1 (SEGV_MAPERR), si_addr: 0x0000000000000000

Registers:
RAX=0x000000011d45fd48, RBX=0x0000000000000000, RCX=0x0000000000000103, RDX=0x0000010000000100
RSP=0x00007fff596f3c70, RBP=0x00007fff596f3c80, RSI=0x00007f82b850e458, RDI=0x0000000000000000
R8 =0x0000000000000040, R9 =0x00007fff7adc21e0, R10=0xffffffffffffffff, R11=0x0000000000000246
R12=0x00007f82b862ca00, R13=0x00007f82b852e8f0, R14=0x00007f82b852e9b0, R15=0x0000000000000000
RIP=0x000000011d42d381, EFLAGS=0x0000000000010246, ERR=0x0000000000000004
  TRAPNO=0x000000000000000e

Top of Stack: (sp=0x00007fff596f3c70)
0x00007fff596f3c70:   00007fff596f3cc8 00007f82b852e9b0
0x00007fff596f3c80:   00007fff596f3c90 00007fff8d37770c
0x00007fff596f3c90:   00007fff596f3cb0 00007fff8d37767f
0x00007fff596f3ca0:   0000000000000000 0000000000000000
0x00007fff596f3cb0:   00007fff596f3d20 00007fff8d376d47
0x00007fff596f3cc0:   00007fff8d6b07ed 00007fff7ba510a0
0x00007fff596f3cd0:   0000000042000000 00007fff8d377640
0x00007fff596f3ce0:   00007fff78fe0720 00007f82b852e8f0
0x00007fff596f3cf0:   00007f82b862ca00 00007fff596f44c8
0x00007fff596f3d00:   00007fff7910d780 00007fff596f44c8
0x00007fff596f3d10:   00007f82b852e8f0 00007fff8d6afb0f
0x00007fff596f3d20:   00007fff596f3d60 00007fff8d376ab2
0x00007fff596f3d30:   00007fff596f4340 0000000000000000
0x00007fff596f3d40:   00007fff7910d780 00007fff596f44c8
0x00007fff596f3d50:   00007fff8a8604c0 00007fff8d6afb0f
0x00007fff596f3d60:   00007fff596f4470 00007fff8d370d42
0x00007fff596f3d70:   00007f82b8775300 0000000000000002
0x00007fff596f3d80:   0000000000000000 00007f82b840aa70
0x00007fff596f3d90:   00007f82b8804048 00007f82b852b330
0x00007fff596f3da0:   0000000000000000 00007f82b852ea10
0x00007fff596f3db0:   0000000000000000 0000000000000000
0x00007fff596f3dc0:   00007fff7901dbc0 00007fff596f4340
0x00007fff596f3dd0:   0000000000000001 0000000000000100
0x00007fff596f3de0:   0000000000000e00 00007fff596f4240
0x00007fff596f3df0:   0000000000000000 0000000000000100
0x00007fff596f3e00:   4092ac0000000000 00007fff7910d780
0x00007fff596f3e10:   0000000000000000 00007fff78fe1500
0x00007fff596f3e20:   00007fff7910d780 0000000000000000
0x00007fff596f3e30:   00007fff78fe1500 00007f82b86043d0
0x00007fff596f3e40:   00007f82b8775300 00007fff9c6f5e7f
0x00007fff596f3e50:   000000000015f101 00007fff77ff8300
0x00007fff596f3e60:   000000000015f100 0000000077ff8300 

Instructions: (pc=0x000000011d42d381)
0x000000011d42d361:   48 89 e5 41 56 53 48 8d 05 d2 2a 03 00 48 83 38
0x000000011d42d371:   00 48 89 fb 75 72 48 8d 05 ca 29 03 00 48 8b 30
0x000000011d42d381:   48 8b 03 48 8d 15 7c 99 01 00 48 8d 0d 5e 6f 01
0x000000011d42d391:   00 48 89 df ff 90 88 03 00 00 48 8d 0d 9e 2a 03 

Register to memory mapping:

RAX=0x000000011d45fd48: jScreenClass+0 in /Applications/jre1.8.0_25.jre/Contents/Home/lib/libglass.dylib at 0x000000011d417000
RBX=0x0000000000000000 is an unknown value
RCX=0x0000000000000103 is an unknown value
RDX=0x0000010000000100 is an unknown value
RSP=0x00007fff596f3c70 is an unknown value
RBP=0x00007fff596f3c80 is an unknown value
RSI=0x00007f82b850e458 is a global jni handle
RDI=0x0000000000000000 is an unknown value
R8 =0x0000000000000040 is an unknown value
R9 =0x00007fff7adc21e0: __sFX+0x1c0 in /usr/lib/system/libsystem_c.dylib at 0x00007fff95aa9000
R10=0xffffffffffffffff is an unknown value
R11=0x0000000000000246 is an unknown value
R12=0x00007f82b862ca00 is an unknown value
R13=0x00007f82b852e8f0 is an unknown value
R14=0x00007f82b852e9b0 is an unknown value
R15=0x0000000000000000 is an unknown value


Stack: [0x00007fff58ef7000,0x00007fff596f7000],  sp=0x00007fff596f3c70,  free space=8179k
Native frames: (J=compiled Java code, j=interpreted, Vv=VM code, C=native code)
C  [libglass.dylib+0x16381]  GlassScreenDidChangeScreenParameters+0x21
C  [CoreFoundation+0x12870c]  __CFNOTIFICATIONCENTER_IS_CALLING_OUT_TO_AN_OBSERVER__+0xc
C  [CoreFoundation+0x12867f]  ___CFXRegistrationPost_block_invoke+0x3f
C  [CoreFoundation+0x127d47]  _CFXRegistrationPost+0x197
C  [CoreFoundation+0x127ab2]  ___CFXNotificationPost_block_invoke+0x32
C  [CoreFoundation+0x121d42]  -[_CFXNotificationRegistrar find:object:observer:enumerator:]+0x782
C  [CoreFoundation+0x10145]  _CFXNotificationPost+0x2b5
C  [Foundation+0x7921]  -[NSNotificationCenter postNotificationName:object:userInfo:]+0x42
C  [AppKit+0x3d9ca8]  -[NSApplication _reactToScreenInvalidationImmediately:]+0x17f
C  [AppKit+0x3d9af9]  __44-[NSApplication _reactToScreenInvalidation:]_block_invoke+0x3b
C  [CoreFoundation+0x7e4ac]  __CFRUNLOOP_IS_CALLING_OUT_TO_A_BLOCK__+0xc
C  [CoreFoundation+0x70165]  __CFRunLoopDoBlocks+0x155
C  [CoreFoundation+0x6fecb]  __CFRunLoopRun+0x92b
C  [CoreFoundation+0x6f338]  CFRunLoopRunSpecific+0x128
C  [java+0x56cc]  CreateExecutionEnvironment+0x367
C  [java+0x165c]  JLI_Launch+0x7a0
C  [java+0x768a]  main+0x65
C  [java+0xeb4]  start+0x34


---------------  P R O C E S S  ---------------

VM state:at safepoint (normal execution)

VM Mutex/Monitor currently owned by a thread:  ([mutex/lock_event])
[0x00007f82b8702390] Threads_lock - owner thread: 0x00007f82b8808000
[0x00007f82b8702890] Heap_lock - owner thread: 0x00007f82ba267000

Heap:
 PSYoungGen      total 18944K, used 8876K [0x00000007aab00000, 0x00000007ac000000, 0x00000007c0000000)
  eden space 16384K, 54% used [0x00000007aab00000,0x00000007ab3ab310,0x00000007abb00000)
  from space 2560K, 0% used [0x00000007abd80000,0x00000007abd80000,0x00000007ac000000)
  to   space 2560K, 0% used [0x00000007abb00000,0x00000007abb00000,0x00000007abd80000)
 ParOldGen       total 44032K, used 0K [0x0000000780000000, 0x0000000782b00000, 0x00000007aab00000)
  object space 44032K, 0% used [0x0000000780000000,0x0000000780000000,0x0000000782b00000)
 Metaspace       used 5860K, capacity 6538K, committed 6656K, reserved 1056768K
  class space    used 643K, capacity 704K, committed 768K, reserved 1048576K

Card table byte_map: [0x00000001173c0000,0x00000001175c1000] byte_map_base: 0x00000001137c0000

Marking Bits: (ParMarkBitMap*) 0x0000000107021390
 Begin Bits: [0x0000000117717000, 0x0000000118717000)
 End Bits:   [0x0000000118717000, 0x0000000119717000)

Polling page: 0x00000001076e6000

CodeCache: size=245760Kb used=1873Kb max_used=1873Kb free=243886Kb
 bounds [0x0000000108000000, 0x0000000108270000, 0x0000000117000000]
 total_blobs=763 nmethods=394 adapters=284
 compilation: enabled

Compilation events (10 events):
Event: 1.299 Thread 0x00007f82b9819000  389       3       java.lang.invoke.MemberName::flagsMods (72 bytes)
Event: 1.299 Thread 0x00007f82b9819000 nmethod 389 0x00000001081d3150 code [0x00000001081d32c0, 0x00000001081d3430]
Event: 1.299 Thread 0x00007f82b9819000  390       3       java.lang.invoke.MemberName::init (66 bytes)
Event: 1.299 Thread 0x00007f82b9819000 nmethod 390 0x00000001081d3810 code [0x00000001081d3980, 0x00000001081d3b50]
Event: 1.300 Thread 0x00007f82b9819000  392       1       java.nio.Buffer::limit (5 bytes)
Event: 1.300 Thread 0x00007f82b9819000 nmethod 392 0x00000001081d3bd0 code [0x00000001081d3d20, 0x00000001081d3e30]
Event: 1.301 Thread 0x00007f82b9819000  393       3       java.nio.ByteBuffer::arrayOffset (35 bytes)
Event: 1.301 Thread 0x00007f82b9819000 nmethod 393 0x00000001081d3e90 code [0x00000001081d4020, 0x00000001081d4318]
Event: 1.301 Thread 0x00007f82b9819000  394       3       java.nio.Buffer::position (43 bytes)
Event: 1.301 Thread 0x00007f82b9819000 nmethod 394 0x00000001081d4450 code [0x00000001081d45c0, 0x00000001081d4868]

GC Heap History (0 events):
No events

Deoptimization events (0 events):
No events

Internal exceptions (10 events):
Event: 0.459 Thread 0x00007f82b9802000 Exception <a 'java/lang/ClassNotFoundException': java/lang/Null> (0x00000007aacda3f8) thrown at [/HUDSON3/workspace/8-2-build-macosx-x86_64/jdk8u25/1514/hotspot/src/share/vm/classfile/systemDictionary.cpp, line 202]
Event: 0.481 Thread 0x00007f82b9802000 Exception <a 'java/lang/NoSuchFieldError': method resolution failed> (0x00000007aad3e290) thrown at [/HUDSON3/workspace/8-2-build-macosx-x86_64/jdk8u25/1514/hotspot/src/share/vm/prims/methodHandles.cpp, line 1159]
Event: 0.483 Thread 0x00007f82b9802000 Exception <a 'java/lang/NoSuchFieldError': method resolution failed> (0x00000007aad4ceb0) thrown at [/HUDSON3/workspace/8-2-build-macosx-x86_64/jdk8u25/1514/hotspot/src/share/vm/prims/methodHandles.cpp, line 1159]
Event: 0.484 Thread 0x00007f82b9802000 Exception <a 'java/lang/NoSuchFieldError': method resolution failed> (0x00000007aad50010) thrown at [/HUDSON3/workspace/8-2-build-macosx-x86_64/jdk8u25/1514/hotspot/src/share/vm/prims/methodHandles.cpp, line 1159]
Event: 0.500 Thread 0x00007f82b9802000 Exception <a 'java/security/PrivilegedActionException'> (0x00000007aad9f7d0) thrown at [/HUDSON3/workspace/8-2-build-macosx-x86_64/jdk8u25/1514/hotspot/src/share/vm/prims/jvm.cpp, line 1312]
Event: 0.500 Thread 0x00007f82b9802000 Exception <a 'java/security/PrivilegedActionException'> (0x00000007aad9f988) thrown at [/HUDSON3/workspace/8-2-build-macosx-x86_64/jdk8u25/1514/hotspot/src/share/vm/prims/jvm.cpp, line 1312]
Event: 0.500 Thread 0x00007f82b9802000 Exception <a 'java/security/PrivilegedActionException'> (0x00000007aada2218) thrown at [/HUDSON3/workspace/8-2-build-macosx-x86_64/jdk8u25/1514/hotspot/src/share/vm/prims/jvm.cpp, line 1312]
Event: 0.500 Thread 0x00007f82b9802000 Exception <a 'java/security/PrivilegedActionException'> (0x00000007aada23d0) thrown at [/HUDSON3/workspace/8-2-build-macosx-x86_64/jdk8u25/1514/hotspot/src/share/vm/prims/jvm.cpp, line 1312]
Event: 0.501 Thread 0x00007f82b9802000 Exception <a 'java/lang/NullPointerException'> (0x00000007aada3ce8) thrown at [/HUDSON3/workspace/8-2-build-macosx-x86_64/jdk8u25/1514/hotspot/src/share/vm/interpreter/linkResolver.cpp, line 1178]
Event: 1.299 Thread 0x00007f82b9802000 Exception <a 'java/lang/reflect/InvocationTargetException'> (0x00000007ab1c2da8) thrown at [/HUDSON3/workspace/8-2-build-macosx-x86_64/jdk8u25/1514/hotspot/src/share/vm/runtime/reflection.cpp, line 1080]

Events (10 events):
Event: 1.300 loading class java/lang/Throwable$WrappedPrintStream done
Event: 1.300 loading class java/util/IdentityHashMap$KeySet
Event: 1.300 loading class java/util/IdentityHashMap$KeySet done
Event: 1.301 Thread 0x00007f82b9802000 Thread exited: 0x00007f82b9802000
Event: 1.301 Thread 0x00007f82ba267000 Thread added: 0x00007f82ba267000
Event: 1.301 loading class java/util/IdentityHashMap$KeyIterator
Event: 1.301 loading class java/util/IdentityHashMap$IdentityHashMapIterator
Event: 1.301 loading class java/util/IdentityHashMap$IdentityHashMapIterator done
Event: 1.301 loading class java/util/IdentityHashMap$KeyIterator done
Event: 1.301 Thread 0x00007f82ba267000 Thread exited: 0x00007f82ba267000


Dynamic libraries:
0x00000000078fe000 	/System/Library/Frameworks/Cocoa.framework/Versions/A/Cocoa
0x00000000078fe000 	/System/Library/Frameworks/Security.framework/Versions/A/Security
0x00000000078fe000 	/System/Library/Frameworks/ApplicationServices.framework/Versions/A/ApplicationServices
0x00000000078fe000 	/usr/lib/libz.1.dylib
0x00000000078fe000 	/usr/lib/libSystem.B.dylib
0x00000000078fe000 	/usr/lib/libobjc.A.dylib
0x00000000078fe000 	/System/Library/Frameworks/CoreFoundation.framework/Versions/A/CoreFoundation
0x00000000078fe000 	/System/Library/Frameworks/Foundation.framework/Versions/C/Foundation
0x00000000078fe000 	/System/Library/Frameworks/AppKit.framework/Versions/C/AppKit
0x00000000078fe000 	/System/Library/Frameworks/CoreData.framework/Versions/A/CoreData
0x00000000078fe000 	/System/Library/PrivateFrameworks/RemoteViewServices.framework/Versions/A/RemoteViewServices
0x00000000078fe000 	/System/Library/PrivateFrameworks/UIFoundation.framework/Versions/A/UIFoundation
0x00000000078fe000 	/usr/lib/libScreenReader.dylib
0x00000000078fe000 	/System/Library/Frameworks/Accelerate.framework/Versions/A/Accelerate
0x00000000078fe000 	/System/Library/Frameworks/IOSurface.framework/Versions/A/IOSurface
0x00000000078fe000 	/System/Library/Frameworks/AudioToolbox.framework/Versions/A/AudioToolbox
0x00000000078fe000 	/System/Library/Frameworks/AudioUnit.framework/Versions/A/AudioUnit
0x00000000078fe000 	/System/Library/PrivateFrameworks/DataDetectorsCore.framework/Versions/A/DataDetectorsCore
0x00000000078fe000 	/System/Library/PrivateFrameworks/DesktopServicesPriv.framework/Versions/A/DesktopServicesPriv
0x00000000078fe000 	/System/Library/Frameworks/Carbon.framework/Versions/A/Frameworks/HIToolbox.framework/Versions/A/HIToolbox
0x00000000078fe000 	/System/Library/Frameworks/QuartzCore.framework/Versions/A/QuartzCore
0x00000000078fe000 	/System/Library/Frameworks/Carbon.framework/Versions/A/Frameworks/SpeechRecognition.framework/Versions/A/SpeechRecognition
0x00000000078fe000 	/usr/lib/libauto.dylib
0x00000000078fe000 	/usr/lib/libicucore.A.dylib
0x00000000078fe000 	/usr/lib/libxml2.2.dylib
0x00000000078fe000 	/System/Library/PrivateFrameworks/CoreUI.framework/Versions/A/CoreUI
0x00000000078fe000 	/System/Library/Frameworks/CoreAudio.framework/Versions/A/CoreAudio
0x00000000078fe000 	/System/Library/Frameworks/DiskArbitration.framework/Versions/A/DiskArbitration
0x00000000078fe000 	/usr/lib/liblangid.dylib
0x00000000078fe000 	/System/Library/PrivateFrameworks/MultitouchSupport.framework/Versions/A/MultitouchSupport
0x00000000078fe000 	/System/Library/Frameworks/IOKit.framework/Versions/A/IOKit
0x00000000078fe000 	/usr/lib/libDiagnosticMessagesClient.dylib
0x00000000078fe000 	/System/Library/Frameworks/CoreServices.framework/Versions/A/CoreServices
0x00000000078fe000 	/System/Library/PrivateFrameworks/PerformanceAnalysis.framework/Versions/A/PerformanceAnalysis
0x00000000078fe000 	/System/Library/PrivateFrameworks/GenerationalStorage.framework/Versions/A/GenerationalStorage
0x00000000078fe000 	/System/Library/Frameworks/OpenGL.framework/Versions/A/OpenGL
0x00000000078fe000 	/System/Library/PrivateFrameworks/Sharing.framework/Versions/A/Sharing
0x00000000078fe000 	/System/Library/Frameworks/CoreGraphics.framework/Versions/A/CoreGraphics
0x00000000078fe000 	/System/Library/Frameworks/CoreImage.framework/Versions/A/CoreImage
0x00000000078fe000 	/System/Library/Frameworks/CoreText.framework/Versions/A/CoreText
0x00000000078fe000 	/System/Library/Frameworks/ImageIO.framework/Versions/A/ImageIO
0x00000000078fe000 	/System/Library/PrivateFrameworks/Backup.framework/Versions/A/Backup
0x00000000078fe000 	/usr/lib/libextension.dylib
0x00000000078fe000 	/usr/lib/libarchive.2.dylib
0x00000000078fe000 	/System/Library/Frameworks/CFNetwork.framework/Versions/A/CFNetwork
0x00000000078fe000 	/System/Library/Frameworks/SystemConfiguration.framework/Versions/A/SystemConfiguration
0x00000000078fe000 	/usr/lib/libCRFSuite.dylib
0x00000000078fe000 	/usr/lib/libc++.1.dylib
0x00000000078fe000 	/usr/lib/libc++abi.dylib
0x00000000078fe000 	/usr/lib/system/libcache.dylib
0x00000000078fe000 	/usr/lib/system/libcommonCrypto.dylib
0x00000000078fe000 	/usr/lib/system/libcompiler_rt.dylib
0x00000000078fe000 	/usr/lib/system/libcopyfile.dylib
0x00000000078fe000 	/usr/lib/system/libcorecrypto.dylib
0x00000000078fe000 	/usr/lib/system/libdispatch.dylib
0x00000000078fe000 	/usr/lib/system/libdyld.dylib
0x00000000078fe000 	/usr/lib/system/libkeymgr.dylib
0x00000000078fe000 	/usr/lib/system/liblaunch.dylib
0x00000000078fe000 	/usr/lib/system/libmacho.dylib
0x00000000078fe000 	/usr/lib/system/libquarantine.dylib
0x00000000078fe000 	/usr/lib/system/libremovefile.dylib
0x00000000078fe000 	/usr/lib/system/libsystem_asl.dylib
0x00000000078fe000 	/usr/lib/system/libsystem_blocks.dylib
0x00000000078fe000 	/usr/lib/system/libsystem_c.dylib
0x00000000078fe000 	/usr/lib/system/libsystem_configuration.dylib
0x00000000078fe000 	/usr/lib/system/libsystem_coreservices.dylib
0x00000000078fe000 	/usr/lib/system/libsystem_coretls.dylib
0x00000000078fe000 	/usr/lib/system/libsystem_dnssd.dylib
0x00000000078fe000 	/usr/lib/system/libsystem_info.dylib
0x00000000078fe000 	/usr/lib/system/libsystem_kernel.dylib
0x00000000078fe000 	/usr/lib/system/libsystem_m.dylib
0x00000000078fe000 	/usr/lib/system/libsystem_malloc.dylib
0x00000000078fe000 	/usr/lib/system/libsystem_network.dylib
0x00000000078fe000 	/usr/lib/system/libsystem_networkextension.dylib
0x00000000078fe000 	/usr/lib/system/libsystem_notify.dylib
0x00000000078fe000 	/usr/lib/system/libsystem_platform.dylib
0x00000000078fe000 	/usr/lib/system/libsystem_pthread.dylib
0x00000000078fe000 	/usr/lib/system/libsystem_sandbox.dylib
0x00000000078fe000 	/usr/lib/system/libsystem_secinit.dylib
0x00000000078fe000 	/usr/lib/system/libsystem_trace.dylib
0x00000000078fe000 	/usr/lib/system/libunc.dylib
0x00000000078fe000 	/usr/lib/system/libunwind.dylib
0x00000000078fe000 	/usr/lib/system/libxpc.dylib
0x00000000078fe000 	/usr/lib/libenergytrace.dylib
0x00000000078fe000 	/usr/lib/libbsm.0.dylib
0x00000000078fe000 	/usr/lib/system/libkxld.dylib
0x00000000078fe000 	/usr/lib/libxar.1.dylib
0x00000000078fe000 	/usr/lib/libsqlite3.dylib
0x00000000078fe000 	/usr/lib/libpam.2.dylib
0x00000000078fe000 	/usr/lib/libOpenScriptingUtil.dylib
0x00000000078fe000 	/usr/lib/libbz2.1.0.dylib
0x00000000078fe000 	/usr/lib/liblzma.5.dylib
0x00000000078fe000 	/System/Library/Frameworks/CoreServices.framework/Versions/A/Frameworks/FSEvents.framework/Versions/A/FSEvents
0x00000000078fe000 	/System/Library/Frameworks/CoreServices.framework/Versions/A/Frameworks/CarbonCore.framework/Versions/A/CarbonCore
0x00000000078fe000 	/System/Library/Frameworks/CoreServices.framework/Versions/A/Frameworks/Metadata.framework/Versions/A/Metadata
0x00000000078fe000 	/System/Library/Frameworks/CoreServices.framework/Versions/A/Frameworks/OSServices.framework/Versions/A/OSServices
0x00000000078fe000 	/System/Library/Frameworks/CoreServices.framework/Versions/A/Frameworks/SearchKit.framework/Versions/A/SearchKit
0x00000000078fe000 	/System/Library/Frameworks/CoreServices.framework/Versions/A/Frameworks/AE.framework/Versions/A/AE
0x00000000078fe000 	/System/Library/Frameworks/CoreServices.framework/Versions/A/Frameworks/LaunchServices.framework/Versions/A/LaunchServices
0x00000000078fe000 	/System/Library/Frameworks/CoreServices.framework/Versions/A/Frameworks/DictionaryServices.framework/Versions/A/DictionaryServices
0x00000000078fe000 	/System/Library/Frameworks/CoreServices.framework/Versions/A/Frameworks/SharedFileList.framework/Versions/A/SharedFileList
0x00000000078fe000 	/System/Library/Frameworks/NetFS.framework/Versions/A/NetFS
0x00000000078fe000 	/System/Library/PrivateFrameworks/NetAuth.framework/Versions/A/NetAuth
0x00000000078fe000 	/System/Library/PrivateFrameworks/login.framework/Versions/A/Frameworks/loginsupport.framework/Versions/A/loginsupport
0x00000000078fe000 	/System/Library/PrivateFrameworks/TCC.framework/Versions/A/TCC
0x00000000078fe000 	/usr/lib/libmecabra.dylib
0x00000000078fe000 	/System/Library/Frameworks/ApplicationServices.framework/Versions/A/Frameworks/ATS.framework/Versions/A/ATS
0x00000000078fe000 	/System/Library/Frameworks/ApplicationServices.framework/Versions/A/Frameworks/ColorSync.framework/Versions/A/ColorSync
0x00000000078fe000 	/System/Library/Frameworks/ApplicationServices.framework/Versions/A/Frameworks/HIServices.framework/Versions/A/HIServices
0x00000000078fe000 	/System/Library/Frameworks/ApplicationServices.framework/Versions/A/Frameworks/LangAnalysis.framework/Versions/A/LangAnalysis
0x00000000078fe000 	/System/Library/Frameworks/ApplicationServices.framework/Versions/A/Frameworks/PrintCore.framework/Versions/A/PrintCore
0x00000000078fe000 	/System/Library/Frameworks/ApplicationServices.framework/Versions/A/Frameworks/QD.framework/Versions/A/QD
0x00000000078fe000 	/System/Library/Frameworks/ApplicationServices.framework/Versions/A/Frameworks/SpeechSynthesis.framework/Versions/A/SpeechSynthesis
0x00000000078fe000 	/System/Library/Frameworks/Metal.framework/Versions/A/Metal
0x00000000078fe000 	/System/Library/Frameworks/Accelerate.framework/Versions/A/Frameworks/vImage.framework/Versions/A/vImage
0x00000000078fe000 	/System/Library/Frameworks/Accelerate.framework/Versions/A/Frameworks/vecLib.framework/Versions/A/vecLib
0x00000000078fe000 	/System/Library/Frameworks/Accelerate.framework/Versions/A/Frameworks/vecLib.framework/Versions/A/libvDSP.dylib
0x00000000078fe000 	/System/Library/Frameworks/Accelerate.framework/Versions/A/Frameworks/vecLib.framework/Versions/A/libvMisc.dylib
0x00000000078fe000 	/System/Library/Frameworks/Accelerate.framework/Versions/A/Frameworks/vecLib.framework/Versions/A/libLAPACK.dylib
0x00000000078fe000 	/System/Library/Frameworks/Accelerate.framework/Versions/A/Frameworks/vecLib.framework/Versions/A/libBLAS.dylib
0x00000000078fe000 	/System/Library/Frameworks/Accelerate.framework/Versions/A/Frameworks/vecLib.framework/Versions/A/libLinearAlgebra.dylib
0x00000000078fe000 	/System/Library/Frameworks/Accelerate.framework/Versions/A/Frameworks/vecLib.framework/Versions/A/libSparseBLAS.dylib
0x00000000078fe000 	/System/Library/PrivateFrameworks/GPUCompiler.framework/libmetal_timestamp.dylib
0x00000000078fe000 	/System/Library/Frameworks/OpenGL.framework/Versions/A/Libraries/libCoreFSCache.dylib
0x00000000078fe000 	/System/Library/PrivateFrameworks/IOAccelerator.framework/Versions/A/IOAccelerator
0x00000000078fe000 	/System/Library/Frameworks/ApplicationServices.framework/Versions/A/Frameworks/ATS.framework/Versions/A/Resources/libFontParser.dylib
0x00000000078fe000 	/System/Library/Frameworks/ApplicationServices.framework/Versions/A/Frameworks/ATS.framework/Versions/A/Resources/libFontRegistry.dylib
0x00000000078fe000 	/System/Library/PrivateFrameworks/AppleVPA.framework/Versions/A/AppleVPA
0x00000000078fe000 	/System/Library/PrivateFrameworks/AppleJPEG.framework/Versions/A/AppleJPEG
0x00000000078fe000 	/System/Library/Frameworks/ImageIO.framework/Versions/A/Resources/libJPEG.dylib
0x00000000078fe000 	/System/Library/Frameworks/ImageIO.framework/Versions/A/Resources/libTIFF.dylib
0x00000000078fe000 	/System/Library/Frameworks/ImageIO.framework/Versions/A/Resources/libPng.dylib
0x00000000078fe000 	/System/Library/Frameworks/ImageIO.framework/Versions/A/Resources/libGIF.dylib
0x00000000078fe000 	/System/Library/Frameworks/ImageIO.framework/Versions/A/Resources/libJP2.dylib
0x00000000078fe000 	/System/Library/Frameworks/ImageIO.framework/Versions/A/Resources/libRadiance.dylib
0x00000000078fe000 	/System/Library/Frameworks/CoreVideo.framework/Versions/A/CoreVideo
0x00000000078fe000 	/System/Library/Frameworks/OpenGL.framework/Versions/A/Libraries/libGLU.dylib
0x00000000078fe000 	/System/Library/Frameworks/OpenGL.framework/Versions/A/Libraries/libGFXShared.dylib
0x00000000078fe000 	/System/Library/Frameworks/OpenGL.framework/Versions/A/Libraries/libGL.dylib
0x00000000078fe000 	/System/Library/Frameworks/OpenGL.framework/Versions/A/Libraries/libGLImage.dylib
0x00000000078fe000 	/System/Library/Frameworks/OpenGL.framework/Versions/A/Libraries/libCVMSPluginSupport.dylib
0x00000000078fe000 	/System/Library/Frameworks/OpenGL.framework/Versions/A/Libraries/libCoreVMClient.dylib
0x00000000078fe000 	/usr/lib/libcups.2.dylib
0x00000000078fe000 	/System/Library/Frameworks/Kerberos.framework/Versions/A/Kerberos
0x00000000078fe000 	/System/Library/Frameworks/GSS.framework/Versions/A/GSS
0x00000000078fe000 	/usr/lib/libresolv.9.dylib
0x00000000078fe000 	/usr/lib/libiconv.2.dylib
0x00000000078fe000 	/System/Library/PrivateFrameworks/Heimdal.framework/Versions/A/Heimdal
0x00000000078fe000 	/usr/lib/libheimdal-asn1.dylib
0x00000000078fe000 	/System/Library/Frameworks/OpenDirectory.framework/Versions/A/OpenDirectory
0x00000000078fe000 	/System/Library/PrivateFrameworks/CommonAuth.framework/Versions/A/CommonAuth
0x00000000078fe000 	/System/Library/Frameworks/OpenDirectory.framework/Versions/A/Frameworks/CFOpenDirectory.framework/Versions/A/CFOpenDirectory
0x00000000078fe000 	/System/Library/Frameworks/SecurityFoundation.framework/Versions/A/SecurityFoundation
0x00000000078fe000 	/System/Library/PrivateFrameworks/LanguageModeling.framework/Versions/A/LanguageModeling
0x00000000078fe000 	/usr/lib/libmarisa.dylib
0x00000000078fe000 	/usr/lib/libChineseTokenizer.dylib
0x00000000078fe000 	/usr/lib/libcmph.dylib
0x00000000078fe000 	/usr/lib/libcompression.dylib
0x00000000078fe000 	/System/Library/Frameworks/ServiceManagement.framework/Versions/A/ServiceManagement
0x00000000078fe000 	/usr/lib/libxslt.1.dylib
0x00000000078fe000 	/System/Library/Frameworks/Carbon.framework/Versions/A/Frameworks/Ink.framework/Versions/A/Ink
0x00000000078fe000 	/usr/lib/libFosl_dynamic.dylib
0x00000000078fe000 	/System/Library/PrivateFrameworks/FaceCore.framework/Versions/A/FaceCore
0x00000000078fe000 	/System/Library/Frameworks/OpenCL.framework/Versions/A/OpenCL
0x00000000078fe000 	/System/Library/PrivateFrameworks/CrashReporterSupport.framework/Versions/A/CrashReporterSupport
0x00000000078fe000 	/System/Library/PrivateFrameworks/IconServices.framework/Versions/A/IconServices
0x00000000078fe000 	/System/Library/PrivateFrameworks/Apple80211.framework/Versions/A/Apple80211
0x00000000078fe000 	/System/Library/Frameworks/CoreWLAN.framework/Versions/A/CoreWLAN
0x00000000078fe000 	/System/Library/Frameworks/IOBluetooth.framework/Versions/A/IOBluetooth
0x00000000078fe000 	/System/Library/PrivateFrameworks/CoreWiFi.framework/Versions/A/CoreWiFi
0x00000000078fe000 	/System/Library/Frameworks/CoreBluetooth.framework/Versions/A/CoreBluetooth
0x00000000078fe000 	/System/Library/PrivateFrameworks/ChunkingLibrary.framework/Versions/A/ChunkingLibrary
0x00000000078fe000 	/System/Library/PrivateFrameworks/DebugSymbols.framework/Versions/A/DebugSymbols
0x00000000078fe000 	/System/Library/PrivateFrameworks/CoreSymbolication.framework/Versions/A/CoreSymbolication
0x00000000078fe000 	/System/Library/PrivateFrameworks/Symbolication.framework/Versions/A/Symbolication
0x00000000078fe000 	/System/Library/PrivateFrameworks/SpeechRecognitionCore.framework/Versions/A/SpeechRecognitionCore
0x0000000106784000 	/Applications/jre1.8.0_25.jre/Contents/Home/lib/server/libjvm.dylib
0x00000000078fe000 	/usr/lib/libstdc++.6.dylib
0x00000001076a4000 	/Applications/jre1.8.0_25.jre/Contents/Home/lib/libverify.dylib
0x00000001076b2000 	/Applications/jre1.8.0_25.jre/Contents/Home/lib/libjava.dylib
0x00000001076f0000 	/Applications/jre1.8.0_25.jre/Contents/Home/lib/libzip.dylib
0x00000001077e2000 	/System/Library/Frameworks/JavaVM.framework/Frameworks/JavaRuntimeSupport.framework/JavaRuntimeSupport
0x000000011b30e000 	/System/Library/Frameworks/JavaVM.framework/Versions/A/Frameworks/JavaNativeFoundation.framework/Versions/A/JavaNativeFoundation
0x000000011b323000 	/System/Library/Frameworks/JavaVM.framework/Versions/A/JavaVM
0x00000000078fe000 	/System/Library/Frameworks/Carbon.framework/Versions/A/Carbon
0x000000011b330000 	/System/Library/PrivateFrameworks/JavaLaunching.framework/Versions/A/JavaLaunching
0x00000000078fe000 	/System/Library/Frameworks/Carbon.framework/Versions/A/Frameworks/CommonPanels.framework/Versions/A/CommonPanels
0x00000000078fe000 	/System/Library/Frameworks/Carbon.framework/Versions/A/Frameworks/Help.framework/Versions/A/Help
0x00000000078fe000 	/System/Library/Frameworks/Carbon.framework/Versions/A/Frameworks/ImageCapture.framework/Versions/A/ImageCapture
0x00000000078fe000 	/System/Library/Frameworks/Carbon.framework/Versions/A/Frameworks/OpenScripting.framework/Versions/A/OpenScripting
0x00000000078fe000 	/System/Library/Frameworks/Carbon.framework/Versions/A/Frameworks/Print.framework/Versions/A/Print
0x00000000078fe000 	/System/Library/Frameworks/Carbon.framework/Versions/A/Frameworks/SecurityHI.framework/Versions/A/SecurityHI
0x000000011cd16000 	/Applications/jre1.8.0_25.jre/Contents/Home/lib/libprism_es2.dylib
0x00000000078fe000 	/System/Library/Frameworks/OpenGL.framework/Versions/A/Resources/GLEngine.bundle/GLEngine
0x00000000078fe000 	/System/Library/Frameworks/OpenGL.framework/Versions/A/Libraries/libGLProgrammability.dylib
0x000000011cd97000 	/System/Library/Extensions/AppleIntelHD3000GraphicsGLDriver.bundle/Contents/MacOS/AppleIntelHD3000GraphicsGLDriver
0x00000000078fe000 	/System/Library/PrivateFrameworks/GPUSupport.framework/Versions/A/Libraries/libGPUSupport.dylib
0x00000000078fe000 	/System/Library/Frameworks/OpenGL.framework/Versions/A/Resources/GLRendererFloat.bundle/GLRendererFloat
0x00000000078fe000 	/System/Library/Frameworks/OpenCL.framework/Versions/A/Libraries/libcldcpuengine.dylib
0x00000000078fe000 	/System/Library/PrivateFrameworks/DiskImages.framework/Versions/A/DiskImages
0x00000000078fe000 	/System/Library/Frameworks/DiscRecording.framework/Versions/A/DiscRecording
0x00000000078fe000 	/usr/lib/libcsfde.dylib
0x00000000078fe000 	/usr/lib/libcurl.4.dylib
0x00000000078fe000 	/System/Library/PrivateFrameworks/MediaKit.framework/Versions/A/MediaKit
0x00000000078fe000 	/System/Library/PrivateFrameworks/ProtectedCloudStorage.framework/Versions/A/ProtectedCloudStorage
0x00000000078fe000 	/usr/lib/libCoreStorage.dylib
0x00000000078fe000 	/System/Library/PrivateFrameworks/EFILogin.framework/Versions/A/EFILogin
0x00000000078fe000 	/usr/lib/libutil.dylib
0x00000000078fe000 	/System/Library/PrivateFrameworks/FindMyDevice.framework/Versions/A/FindMyDevice
0x00000000078fe000 	/System/Library/Frameworks/LDAP.framework/Versions/A/LDAP
0x00000000078fe000 	/usr/lib/libsasl2.2.dylib
0x00000000078fe000 	/System/Library/PrivateFrameworks/CoreDaemon.framework/Versions/B/CoreDaemon
0x00000000078fe000 	/usr/lib/libcrypto.0.9.8.dylib
0x00000000078fe000 	/System/Library/PrivateFrameworks/AppleSRP.framework/Versions/A/AppleSRP
0x00000000078fe000 	/System/Library/PrivateFrameworks/TrustEvaluationAgent.framework/Versions/A/TrustEvaluationAgent
0x000000011d417000 	/Applications/jre1.8.0_25.jre/Contents/Home/lib/libglass.dylib
0x00000000078fe000 	/System/Library/PrivateFrameworks/CoreServicesInternal.framework/Versions/A/CoreServicesInternal
0x00000000078fe000 	/System/Library/CoreServices/RawCamera.bundle/Contents/MacOS/RawCamera
0x00000000078fe000 	/System/Library/Frameworks/CoreGraphics.framework/Versions/A/Resources/libRIP.A.dylib
0x00000000078fe000 	/System/Library/Frameworks/Accelerate.framework/Versions/A/Frameworks/vImage.framework/Versions/A/Libraries/libCGInterfaces.dylib
0x00000000078fe000 	/System/Library/PrivateFrameworks/FamilyControls.framework/Versions/A/FamilyControls
0x00000000078fe000 	/System/Library/PrivateFrameworks/CommerceKit.framework/Versions/A/Frameworks/CommerceCore.framework/Versions/A/CommerceCore
0x00000000078fe000 	/System/Library/PrivateFrameworks/SystemAdministration.framework/Versions/A/SystemAdministration
0x00000000078fe000 	/System/Library/PrivateFrameworks/AppContainer.framework/Versions/A/AppContainer
0x00000000078fe000 	/System/Library/PrivateFrameworks/SecCodeWrapper.framework/Versions/A/SecCodeWrapper
0x00000000078fe000 	/System/Library/Frameworks/DirectoryService.framework/Versions/A/DirectoryService
0x00000000078fe000 	/System/Library/PrivateFrameworks/LoginUIKit.framework/Versions/A/Frameworks/LoginUICore.framework/Versions/A/LoginUICore
0x00000000078fe000 	/usr/lib/libodfde.dylib

VM Arguments:
jvm_args: -Dfile.encoding=UTF-8 
java_command: jpp.numbergame.gui.NumberGui
java_class_path (initial): /Users/ramadanshweiki/Documents/workspace/2048/bin
Launcher Type: SUN_STANDARD

Environment Variables:
PATH=/usr/bin:/bin:/usr/sbin:/sbin
SHELL=/bin/bash

Signal Handlers:
SIGSEGV: [libjvm.dylib+0x579dc7], sa_mask[0]=11111111011111110111111111111111, sa_flags=SA_ONSTACK|SA_RESTART|SA_SIGINFO
SIGBUS: [libjvm.dylib+0x579dc7], sa_mask[0]=11111111011111110111111111111111, sa_flags=SA_RESTART|SA_SIGINFO
SIGFPE: [libjvm.dylib+0x45b030], sa_mask[0]=11111111011111110111111111111111, sa_flags=SA_RESTART|SA_SIGINFO
SIGPIPE: [libjvm.dylib+0x45b030], sa_mask[0]=11111111011111110111111111111111, sa_flags=SA_RESTART|SA_SIGINFO
SIGXFSZ: [libjvm.dylib+0x45b030], sa_mask[0]=11111111011111110111111111111111, sa_flags=SA_RESTART|SA_SIGINFO
SIGILL: [libjvm.dylib+0x45b030], sa_mask[0]=11111111011111110111111111111111, sa_flags=SA_RESTART|SA_SIGINFO
SIGUSR1: SIG_DFL, sa_mask[0]=00000000000000000000000000000000, sa_flags=none
SIGUSR2: [libjvm.dylib+0x45ab4e], sa_mask[0]=00100000000000000000000000000000, sa_flags=SA_RESTART|SA_SIGINFO
SIGHUP: [libjvm.dylib+0x459121], sa_mask[0]=11111111011111110111111111111111, sa_flags=SA_RESTART|SA_SIGINFO
SIGINT: [libjvm.dylib+0x459121], sa_mask[0]=11111111011111110111111111111111, sa_flags=SA_RESTART|SA_SIGINFO
SIGTERM: [libjvm.dylib+0x459121], sa_mask[0]=11111111011111110111111111111111, sa_flags=SA_RESTART|SA_SIGINFO
SIGQUIT: [libjvm.dylib+0x459121], sa_mask[0]=11111111011111110111111111111111, sa_flags=SA_RESTART|SA_SIGINFO


---------------  S Y S T E M  ---------------

OS:Bsduname:Darwin 15.3.0 Darwin Kernel Version 15.3.0: Thu Dec 10 18:40:58 PST 2015; root:xnu-3248.30.4~1/RELEASE_X86_64 x86_64
rlimit: STACK 8192k, CORE 0k, NPROC 709, NOFILE 10240, AS infinity
load average:2.48 2.07 1.65

CPU:total 4 (2 cores per cpu, 2 threads per core) family 6 model 42 stepping 7, cmov, cx8, fxsr, mmx, sse, sse2, sse3, ssse3, sse4.1, sse4.2, popcnt, avx, aes, clmul, ht, tsc, tscinvbit

Memory: 4k page, physical 4194304k(17320k free)

/proc/meminfo:


vm_info: Java HotSpot(TM) 64-Bit Server VM (25.25-b02) for bsd-amd64 JRE (1.8.0_25-b17), built on Sep 17 2014 16:56:50 by "java_re" with gcc 4.2.1 (Based on Apple Inc. build 5658) (LLVM build 2336.11.00)

time: Fri Mar  4 11:20:44 2016
elapsed time: 1 seconds (0d 0h 0m 1s)

